Flow report for Enes_Sahin_2018510093_DEUNIAC
Wed Jun 23 01:17:35 2021
Quartus II 64-Bit Version 13.0.1 Build 232 06/12/2013 Service Pack 1 SJ Web Edition


---------------------
; Table of Contents ;
---------------------
  1. Legal Notice
  2. Flow Summary
  3. Flow Settings
  4. Flow Non-Default Global Settings
  5. Flow Elapsed Time
  6. Flow OS Summary
  7. Flow Log
  8. Flow Messages
  9. Flow Suppressed Messages



----------------
; Legal Notice ;
----------------
Copyright (C) 1991-2013 Altera Corporation
Your use of Altera Corporation's design tools, logic functions 
and other software and tools, and its AMPP partner logic 
functions, and any output files from any of the foregoing 
(including device programming or simulation files), and any 
associated documentation or information are expressly subject 
to the terms and conditions of the Altera Program License 
Subscription Agreement, Altera MegaCore Function License 
Agreement, or other applicable license agreement, including, 
without limitation, that your use is for the sole purpose of 
programming logic devices manufactured by Altera and sold by 
Altera or its authorized distributors.  Please refer to the 
applicable agreement for further details.



+--------------------------------------------------------------------------------------+
; Flow Summary                                                                         ;
+------------------------------------+-------------------------------------------------+
; Flow Status                        ; Successful - Wed Jun 23 01:17:35 2021           ;
; Quartus II 64-Bit Version          ; 13.0.1 Build 232 06/12/2013 SP 1 SJ Web Edition ;
; Revision Name                      ; Enes_Sahin_2018510093_DEUNIAC                   ;
; Top-level Entity Name              ; Enes_Sahin_2018510093_DEUNIAC                   ;
; Family                             ; Cyclone III                                     ;
; Device                             ; EP3C16F484C6                                    ;
; Timing Models                      ; Final                                           ;
; Total logic elements               ; 150 / 15,408 ( < 1 % )                          ;
;     Total combinational functions  ; 146 / 15,408 ( < 1 % )                          ;
;     Dedicated logic registers      ; 48 / 15,408 ( < 1 % )                           ;
; Total registers                    ; 48                                              ;
; Total pins                         ; 122 / 347 ( 35 % )                              ;
; Total virtual pins                 ; 0                                               ;
; Total memory bits                  ; 496 / 516,096 ( < 1 % )                         ;
; Embedded Multiplier 9-bit elements ; 0 / 112 ( 0 % )                                 ;
; Total PLLs                         ; 0 / 4 ( 0 % )                                   ;
+------------------------------------+-------------------------------------------------+


+---------------------------------------------------+
; Flow Settings                                     ;
+-------------------+-------------------------------+
; Option            ; Setting                       ;
+-------------------+-------------------------------+
; Start date & time ; 06/02/2021 00:07:58           ;
; Main task         ; Compilation                   ;
; Revision Name     ; Enes_Sahin_2018510093_DEUNIAC ;
+-------------------+-------------------------------+


+----------------------------------------------------------------------------------------------------------------------+
; Flow Non-Default Global Settings                                                                                     ;
+-------------------------------------+---------------------------------+---------------+-------------+----------------+
; Assignment Name                     ; Value                           ; Default Value ; Entity Name ; Section Id     ;
+-------------------------------------+---------------------------------+---------------+-------------+----------------+
; COMPILER_SIGNATURE_ID               ; 193675815364300.162258167801232 ; --            ; --          ; --             ;
; EDA_GENERATE_FUNCTIONAL_NETLIST     ; On                              ; --            ; --          ; eda_simulation ;
; EDA_OUTPUT_DATA_FORMAT              ; Verilog Hdl                     ; --            ; --          ; eda_simulation ;
; EDA_SIMULATION_TOOL                 ; ModelSim-Altera (Verilog)       ; <None>        ; --          ; --             ;
; IP_TOOL_NAME                        ; LPM_MUX                         ; --            ; --          ; --             ;
; IP_TOOL_NAME                        ; LPM_MUX                         ; --            ; --          ; --             ;
; IP_TOOL_NAME                        ; LPM_MUX                         ; --            ; --          ; --             ;
; IP_TOOL_NAME                        ; LPM_ADD_SUB                     ; --            ; --          ; --             ;
; IP_TOOL_NAME                        ; LPM_ADD_SUB                     ; --            ; --          ; --             ;
; IP_TOOL_NAME                        ; LPM_COUNTER                     ; --            ; --          ; --             ;
; IP_TOOL_NAME                        ; LPM_COUNTER                     ; --            ; --          ; --             ;
; IP_TOOL_NAME                        ; LPM_COUNTER                     ; --            ; --          ; --             ;
; IP_TOOL_NAME                        ; LPM_COUNTER                     ; --            ; --          ; --             ;
; IP_TOOL_NAME                        ; LPM_COUNTER                     ; --            ; --          ; --             ;
; IP_TOOL_NAME                        ; LPM_COUNTER                     ; --            ; --          ; --             ;
; IP_TOOL_NAME                        ; LPM_COUNTER                     ; --            ; --          ; --             ;
; IP_TOOL_NAME                        ; LPM_COUNTER                     ; --            ; --          ; --             ;
; IP_TOOL_NAME                        ; LPM_COUNTER                     ; --            ; --          ; --             ;
; IP_TOOL_NAME                        ; RAM: 1-PORT                     ; --            ; --          ; --             ;
; IP_TOOL_NAME                        ; RAM: 1-PORT                     ; --            ; --          ; --             ;
; IP_TOOL_NAME                        ; ROM: 1-PORT                     ; --            ; --          ; --             ;
; IP_TOOL_NAME                        ; LPM_MUX                         ; --            ; --          ; --             ;
; IP_TOOL_NAME                        ; LPM_DECODE                      ; --            ; --          ; --             ;
; IP_TOOL_NAME                        ; LPM_MUX                         ; --            ; --          ; --             ;
; IP_TOOL_NAME                        ; LPM_MUX                         ; --            ; --          ; --             ;
; IP_TOOL_NAME                        ; LPM_DECODE                      ; --            ; --          ; --             ;
; IP_TOOL_NAME                        ; LPM_COUNTER                     ; --            ; --          ; --             ;
; IP_TOOL_NAME                        ; LPM_DECODE                      ; --            ; --          ; --             ;
; IP_TOOL_NAME                        ; LPM_COUNTER                     ; --            ; --          ; --             ;
; IP_TOOL_NAME                        ; LPM_MUX                         ; --            ; --          ; --             ;
; IP_TOOL_NAME                        ; LPM_MUX                         ; --            ; --          ; --             ;
; IP_TOOL_NAME                        ; LPM_ADD_SUB                     ; --            ; --          ; --             ;
; IP_TOOL_NAME                        ; LPM_MUX                         ; --            ; --          ; --             ;
; IP_TOOL_NAME                        ; LPM_MUX                         ; --            ; --          ; --             ;
; IP_TOOL_NAME                        ; LPM_MUX                         ; --            ; --          ; --             ;
; IP_TOOL_VERSION                     ; 13.0                            ; --            ; --          ; --             ;
; IP_TOOL_VERSION                     ; 13.0                            ; --            ; --          ; --             ;
; IP_TOOL_VERSION                     ; 13.0                            ; --            ; --          ; --             ;
; IP_TOOL_VERSION                     ; 13.0                            ; --            ; --          ; --             ;
; IP_TOOL_VERSION                     ; 13.0                            ; --            ; --          ; --             ;
; IP_TOOL_VERSION                     ; 13.0                            ; --            ; --          ; --             ;
; IP_TOOL_VERSION                     ; 13.0                            ; --            ; --          ; --             ;
; IP_TOOL_VERSION                     ; 13.0                            ; --            ; --          ; --             ;
; IP_TOOL_VERSION                     ; 13.0                            ; --            ; --          ; --             ;
; IP_TOOL_VERSION                     ; 13.0                            ; --            ; --          ; --             ;
; IP_TOOL_VERSION                     ; 13.0                            ; --            ; --          ; --             ;
; IP_TOOL_VERSION                     ; 13.0                            ; --            ; --          ; --             ;
; IP_TOOL_VERSION                     ; 13.0                            ; --            ; --          ; --             ;
; IP_TOOL_VERSION                     ; 13.0                            ; --            ; --          ; --             ;
; IP_TOOL_VERSION                     ; 13.0                            ; --            ; --          ; --             ;
; IP_TOOL_VERSION                     ; 13.0                            ; --            ; --          ; --             ;
; IP_TOOL_VERSION                     ; 13.0                            ; --            ; --          ; --             ;
; IP_TOOL_VERSION                     ; 13.0                            ; --            ; --          ; --             ;
; IP_TOOL_VERSION                     ; 13.0                            ; --            ; --          ; --             ;
; IP_TOOL_VERSION                     ; 13.0                            ; --            ; --          ; --             ;
; IP_TOOL_VERSION                     ; 13.0                            ; --            ; --          ; --             ;
; IP_TOOL_VERSION                     ; 13.0                            ; --            ; --          ; --             ;
; IP_TOOL_VERSION                     ; 13.0                            ; --            ; --          ; --             ;
; IP_TOOL_VERSION                     ; 13.0                            ; --            ; --          ; --             ;
; IP_TOOL_VERSION                     ; 13.0                            ; --            ; --          ; --             ;
; IP_TOOL_VERSION                     ; 13.0                            ; --            ; --          ; --             ;
; IP_TOOL_VERSION                     ; 13.0                            ; --            ; --          ; --             ;
; IP_TOOL_VERSION                     ; 13.0                            ; --            ; --          ; --             ;
; IP_TOOL_VERSION                     ; 13.0                            ; --            ; --          ; --             ;
; IP_TOOL_VERSION                     ; 13.0                            ; --            ; --          ; --             ;
; IP_TOOL_VERSION                     ; 13.0                            ; --            ; --          ; --             ;
; MAX_CORE_JUNCTION_TEMP              ; 85                              ; --            ; --          ; --             ;
; MIN_CORE_JUNCTION_TEMP              ; 0                               ; --            ; --          ; --             ;
; MISC_FILE                           ; lpm_mux3.tdf                    ; --            ; --          ; --             ;
; MISC_FILE                           ; lpm_mux3.bsf                    ; --            ; --          ; --             ;
; MISC_FILE                           ; lpm_mux3.inc                    ; --            ; --          ; --             ;
; MISC_FILE                           ; lpm_mux2.tdf                    ; --            ; --          ; --             ;
; MISC_FILE                           ; lpm_mux2.bsf                    ; --            ; --          ; --             ;
; MISC_FILE                           ; lpm_mux2.inc                    ; --            ; --          ; --             ;
; MISC_FILE                           ; lpm_mux1.tdf                    ; --            ; --          ; --             ;
; MISC_FILE                           ; lpm_mux1.bsf                    ; --            ; --          ; --             ;
; MISC_FILE                           ; lpm_mux1.inc                    ; --            ; --          ; --             ;
; MISC_FILE                           ; lpm_add_sub2.tdf                ; --            ; --          ; --             ;
; MISC_FILE                           ; lpm_add_sub2.bsf                ; --            ; --          ; --             ;
; MISC_FILE                           ; lpm_add_sub2.inc                ; --            ; --          ; --             ;
; MISC_FILE                           ; lpm_add_sub1.tdf                ; --            ; --          ; --             ;
; MISC_FILE                           ; lpm_add_sub1.bsf                ; --            ; --          ; --             ;
; MISC_FILE                           ; lpm_add_sub1.inc                ; --            ; --          ; --             ;
; MISC_FILE                           ; Address_Register.tdf            ; --            ; --          ; --             ;
; MISC_FILE                           ; Address_Register.bsf            ; --            ; --          ; --             ;
; MISC_FILE                           ; Address_Register.inc            ; --            ; --          ; --             ;
; MISC_FILE                           ; Program_Counter.tdf             ; --            ; --          ; --             ;
; MISC_FILE                           ; Program_Counter.bsf             ; --            ; --          ; --             ;
; MISC_FILE                           ; Program_Counter.inc             ; --            ; --          ; --             ;
; MISC_FILE                           ; Stack_Pointer.tdf               ; --            ; --          ; --             ;
; MISC_FILE                           ; Stack_Pointer.bsf               ; --            ; --          ; --             ;
; MISC_FILE                           ; Stack_Pointer.inc               ; --            ; --          ; --             ;
; MISC_FILE                           ; Instruction_Register.tdf        ; --            ; --          ; --             ;
; MISC_FILE                           ; Instruction_Register.bsf        ; --            ; --          ; --             ;
; MISC_FILE                           ; Instruction_Register.inc        ; --            ; --          ; --             ;
; MISC_FILE                           ; R0.tdf                          ; --            ; --          ; --             ;
; MISC_FILE                           ; R0.bsf                          ; --            ; --          ; --             ;
; MISC_FILE                           ; R0.inc                          ; --            ; --          ; --             ;
; MISC_FILE                           ; R1.tdf                          ; --            ; --          ; --             ;
; MISC_FILE                           ; R1.bsf                          ; --            ; --          ; --             ;
; MISC_FILE                           ; R1.inc                          ; --            ; --          ; --             ;
; MISC_FILE                           ; R2.tdf                          ; --            ; --          ; --             ;
; MISC_FILE                           ; R2.bsf                          ; --            ; --          ; --             ;
; MISC_FILE                           ; R2.inc                          ; --            ; --          ; --             ;
; MISC_FILE                           ; Input_Register.tdf              ; --            ; --          ; --             ;
; MISC_FILE                           ; Input_Register.bsf              ; --            ; --          ; --             ;
; MISC_FILE                           ; Input_Register.inc              ; --            ; --          ; --             ;
; MISC_FILE                           ; Output_Register.tdf             ; --            ; --          ; --             ;
; MISC_FILE                           ; Output_Register.bsf             ; --            ; --          ; --             ;
; MISC_FILE                           ; Output_Register.inc             ; --            ; --          ; --             ;
; MISC_FILE                           ; Data_Memory.tdf                 ; --            ; --          ; --             ;
; MISC_FILE                           ; Data_Memory.bsf                 ; --            ; --          ; --             ;
; MISC_FILE                           ; Data_Memory.inc                 ; --            ; --          ; --             ;
; MISC_FILE                           ; Stack_Memory.tdf                ; --            ; --          ; --             ;
; MISC_FILE                           ; Stack_Memory.bsf                ; --            ; --          ; --             ;
; MISC_FILE                           ; Stack_Memory.inc                ; --            ; --          ; --             ;
; MISC_FILE                           ; Instruction_Memory.tdf          ; --            ; --          ; --             ;
; MISC_FILE                           ; Instruction_Memory.bsf          ; --            ; --          ; --             ;
; MISC_FILE                           ; Instruction_Memory.inc          ; --            ; --          ; --             ;
; MISC_FILE                           ; lpm_mux4.tdf                    ; --            ; --          ; --             ;
; MISC_FILE                           ; lpm_mux4.bsf                    ; --            ; --          ; --             ;
; MISC_FILE                           ; lpm_mux4.inc                    ; --            ; --          ; --             ;
; MISC_FILE                           ; lpm_decoder1.tdf                ; --            ; --          ; --             ;
; MISC_FILE                           ; lpm_decoder1.bsf                ; --            ; --          ; --             ;
; MISC_FILE                           ; lpm_decoder1.inc                ; --            ; --          ; --             ;
; MISC_FILE                           ; lpm_mux5.tdf                    ; --            ; --          ; --             ;
; MISC_FILE                           ; lpm_mux5.bsf                    ; --            ; --          ; --             ;
; MISC_FILE                           ; lpm_mux5.inc                    ; --            ; --          ; --             ;
; MISC_FILE                           ; BUS.tdf                         ; --            ; --          ; --             ;
; MISC_FILE                           ; BUS.bsf                         ; --            ; --          ; --             ;
; MISC_FILE                           ; BUS.inc                         ; --            ; --          ; --             ;
; MISC_FILE                           ; lpm_decoder3.tdf                ; --            ; --          ; --             ;
; MISC_FILE                           ; lpm_decoder3.bsf                ; --            ; --          ; --             ;
; MISC_FILE                           ; lpm_decoder3.inc                ; --            ; --          ; --             ;
; MISC_FILE                           ; Sequence_Counter.tdf            ; --            ; --          ; --             ;
; MISC_FILE                           ; Sequence_Counter.bsf            ; --            ; --          ; --             ;
; MISC_FILE                           ; Sequence_Counter.inc            ; --            ; --          ; --             ;
; MISC_FILE                           ; lpm_decoder4.tdf                ; --            ; --          ; --             ;
; MISC_FILE                           ; lpm_decoder4.bsf                ; --            ; --          ; --             ;
; MISC_FILE                           ; lpm_decoder4.inc                ; --            ; --          ; --             ;
; MISC_FILE                           ; Q.tdf                           ; --            ; --          ; --             ;
; MISC_FILE                           ; Q.bsf                           ; --            ; --          ; --             ;
; MISC_FILE                           ; Q.inc                           ; --            ; --          ; --             ;
; MISC_FILE                           ; lpm_mux9.tdf                    ; --            ; --          ; --             ;
; MISC_FILE                           ; lpm_mux9.bsf                    ; --            ; --          ; --             ;
; MISC_FILE                           ; lpm_mux9.inc                    ; --            ; --          ; --             ;
; MISC_FILE                           ; lpm_mux10.tdf                   ; --            ; --          ; --             ;
; MISC_FILE                           ; lpm_mux10.bsf                   ; --            ; --          ; --             ;
; MISC_FILE                           ; lpm_mux10.inc                   ; --            ; --          ; --             ;
; MISC_FILE                           ; Full_Adder.tdf                  ; --            ; --          ; --             ;
; MISC_FILE                           ; Full_Adder.bsf                  ; --            ; --          ; --             ;
; MISC_FILE                           ; Full_Adder.inc                  ; --            ; --          ; --             ;
; MISC_FILE                           ; lpm_mux11.tdf                   ; --            ; --          ; --             ;
; MISC_FILE                           ; lpm_mux11.bsf                   ; --            ; --          ; --             ;
; MISC_FILE                           ; lpm_mux11.inc                   ; --            ; --          ; --             ;
; MISC_FILE                           ; lpm_mux12.tdf                   ; --            ; --          ; --             ;
; MISC_FILE                           ; lpm_mux12.bsf                   ; --            ; --          ; --             ;
; MISC_FILE                           ; lpm_mux12.inc                   ; --            ; --          ; --             ;
; MISC_FILE                           ; lpm_mux14.tdf                   ; --            ; --          ; --             ;
; MISC_FILE                           ; lpm_mux14.bsf                   ; --            ; --          ; --             ;
; MISC_FILE                           ; lpm_mux14.inc                   ; --            ; --          ; --             ;
; NOMINAL_CORE_SUPPLY_VOLTAGE         ; 1.2V                            ; --            ; --          ; --             ;
; PARTITION_COLOR                     ; 16764057                        ; --            ; --          ; Top            ;
; PARTITION_FITTER_PRESERVATION_LEVEL ; PLACEMENT_AND_ROUTING           ; --            ; --          ; Top            ;
; PARTITION_NETLIST_TYPE              ; SOURCE                          ; --            ; --          ; Top            ;
; PROJECT_OUTPUT_DIRECTORY            ; output_files                    ; --            ; --          ; --             ;
+-------------------------------------+---------------------------------+---------------+-------------+----------------+


+-------------------------------------------------------------------------------------------------------------------------------+
; Flow Elapsed Time                                                                                                             ;
+---------------------------+--------------+-------------------------+---------------------+------------------------------------+
; Module Name               ; Elapsed Time ; Average Processors Used ; Peak Virtual Memory ; Total CPU Time (on all processors) ;
+---------------------------+--------------+-------------------------+---------------------+------------------------------------+
; Analysis & Synthesis      ; 00:00:05     ; 1.0                     ; 4610 MB             ; 00:00:05                           ;
; Fitter                    ; 00:00:09     ; 1.0                     ; 4907 MB             ; 00:00:10                           ;
; Assembler                 ; 00:00:02     ; 1.0                     ; 4545 MB             ; 00:00:01                           ;
; TimeQuest Timing Analyzer ; 00:00:03     ; 1.0                     ; 4586 MB             ; 00:00:02                           ;
; EDA Netlist Writer        ; 00:00:00     ; 1.0                     ; 4498 MB             ; 00:00:00                           ;
; EDA Netlist Writer        ; 00:00:00     ; 1.0                     ; 4506 MB             ; 00:00:01                           ;
; EDA Netlist Writer        ; 00:00:00     ; 1.0                     ; 4506 MB             ; 00:00:01                           ;
; EDA Netlist Writer        ; 00:00:00     ; 1.0                     ; 4506 MB             ; 00:00:01                           ;
; EDA Netlist Writer        ; 00:00:00     ; 1.0                     ; 4506 MB             ; 00:00:01                           ;
; EDA Netlist Writer        ; 00:00:00     ; 1.0                     ; 4506 MB             ; 00:00:01                           ;
; EDA Netlist Writer        ; 00:00:00     ; 1.0                     ; 4506 MB             ; 00:00:01                           ;
; EDA Netlist Writer        ; 00:00:01     ; 1.0                     ; 4506 MB             ; 00:00:01                           ;
; EDA Netlist Writer        ; 00:00:01     ; 1.0                     ; 4506 MB             ; 00:00:01                           ;
; EDA Netlist Writer        ; 00:00:01     ; 1.0                     ; 4506 MB             ; 00:00:01                           ;
; EDA Netlist Writer        ; 00:00:01     ; 1.0                     ; 4506 MB             ; 00:00:01                           ;
; Total                     ; 00:00:23     ; --                      ; --                  ; 00:00:28                           ;
+---------------------------+--------------+-------------------------+---------------------+------------------------------------+


+----------------------------------------------------------------------------------------+
; Flow OS Summary                                                                        ;
+---------------------------+------------------+-----------+------------+----------------+
; Module Name               ; Machine Hostname ; OS Name   ; OS Version ; Processor type ;
+---------------------------+------------------+-----------+------------+----------------+
; Analysis & Synthesis      ; DESKTOP-MVG1VCO  ; Windows 7 ; 6.2        ; x86_64         ;
; Fitter                    ; DESKTOP-MVG1VCO  ; Windows 7 ; 6.2        ; x86_64         ;
; Assembler                 ; DESKTOP-MVG1VCO  ; Windows 7 ; 6.2        ; x86_64         ;
; TimeQuest Timing Analyzer ; DESKTOP-MVG1VCO  ; Windows 7 ; 6.2        ; x86_64         ;
; EDA Netlist Writer        ; DESKTOP-MVG1VCO  ; Windows 7 ; 6.2        ; x86_64         ;
; EDA Netlist Writer        ; DESKTOP-MVG1VCO  ; Windows 7 ; 6.2        ; x86_64         ;
; EDA Netlist Writer        ; DESKTOP-MVG1VCO  ; Windows 7 ; 6.2        ; x86_64         ;
; EDA Netlist Writer        ; DESKTOP-MVG1VCO  ; Windows 7 ; 6.2        ; x86_64         ;
; EDA Netlist Writer        ; DESKTOP-MVG1VCO  ; Windows 7 ; 6.2        ; x86_64         ;
; EDA Netlist Writer        ; DESKTOP-MVG1VCO  ; Windows 7 ; 6.2        ; x86_64         ;
; EDA Netlist Writer        ; DESKTOP-MVG1VCO  ; Windows 7 ; 6.2        ; x86_64         ;
; EDA Netlist Writer        ; DESKTOP-MVG1VCO  ; Windows 7 ; 6.2        ; x86_64         ;
; EDA Netlist Writer        ; DESKTOP-MVG1VCO  ; Windows 7 ; 6.2        ; x86_64         ;
; EDA Netlist Writer        ; DESKTOP-MVG1VCO  ; Windows 7 ; 6.2        ; x86_64         ;
; EDA Netlist Writer        ; DESKTOP-MVG1VCO  ; Windows 7 ; 6.2        ; x86_64         ;
+---------------------------+------------------+-----------+------------+----------------+


------------
; Flow Log ;
------------
quartus_map --read_settings_files=on --write_settings_files=off Enes_Sahin_2018510093_DEUNIAC -c Enes_Sahin_2018510093_DEUNIAC
quartus_fit --read_settings_files=off --write_settings_files=off Enes_Sahin_2018510093_DEUNIAC -c Enes_Sahin_2018510093_DEUNIAC
quartus_asm --read_settings_files=off --write_settings_files=off Enes_Sahin_2018510093_DEUNIAC -c Enes_Sahin_2018510093_DEUNIAC
quartus_sta Enes_Sahin_2018510093_DEUNIAC -c Enes_Sahin_2018510093_DEUNIAC
quartus_eda --read_settings_files=off --write_settings_files=off Enes_Sahin_2018510093_DEUNIAC -c Enes_Sahin_2018510093_DEUNIAC
quartus_eda --gen_testbench --check_outputs=on --tool=modelsim_oem --format=verilog Enes_Sahin_2018510093_DEUNIAC -c Enes_Sahin_2018510093_DEUNIAC --vector_source="C:/Users/enes_/OneDrive/Masaüstü/Quartus Projects/Enes_Sahin_2018510093_DEUNIAC/Enes_Sahin_2018510093_DEUNIAC_wafeform.vwf" --testbench_file=./simulation/qsim/Enes_Sahin_2018510093_DEUNIAC.vt
quartus_eda --functional=on --simulation=on --tool=modelsim_oem --format=verilog Enes_Sahin_2018510093_DEUNIAC -c Enes_Sahin_2018510093_DEUNIAC
quartus_eda --gen_testbench --check_outputs=on --tool=modelsim_oem --format=verilog Enes_Sahin_2018510093_DEUNIAC -c Enes_Sahin_2018510093_DEUNIAC --vector_source="C:/Users/enes_/OneDrive/Masaüstü/Quartus Projects/Enes_Sahin_2018510093_DEUNIAC/Enes_Sahin_2018510093_DEUNIAC_wafeform.vwf" --testbench_file=./simulation/qsim/Enes_Sahin_2018510093_DEUNIAC.vt
quartus_eda --functional=on --simulation=on --tool=modelsim_oem --format=verilog Enes_Sahin_2018510093_DEUNIAC -c Enes_Sahin_2018510093_DEUNIAC
quartus_eda --gen_testbench --check_outputs=on --tool=modelsim_oem --format=verilog Enes_Sahin_2018510093_DEUNIAC -c Enes_Sahin_2018510093_DEUNIAC --vector_source="C:/Users/enes_/OneDrive/Masaüstü/Quartus Projects/Enes_Sahin_2018510093_DEUNIAC/Enes_Sahin_2018510093_DEUNIAC_wafeform.vwf" --testbench_file=./simulation/qsim/Enes_Sahin_2018510093_DEUNIAC.vt
quartus_eda --functional=on --simulation=on --tool=modelsim_oem --format=verilog Enes_Sahin_2018510093_DEUNIAC -c Enes_Sahin_2018510093_DEUNIAC
quartus_eda --gen_testbench --check_outputs=on --tool=modelsim_oem --format=verilog Enes_Sahin_2018510093_DEUNIAC -c Enes_Sahin_2018510093_DEUNIAC --vector_source="C:/Users/enes_/OneDrive/Masaüstü/Quartus Projects/Enes_Sahin_2018510093_DEUNIAC/Enes_Sahin_2018510093_DEUNIAC_wafeform.vwf" --testbench_file=./simulation/qsim/Enes_Sahin_2018510093_DEUNIAC.vt
quartus_eda --functional=on --simulation=on --tool=modelsim_oem --format=verilog Enes_Sahin_2018510093_DEUNIAC -c Enes_Sahin_2018510093_DEUNIAC
quartus_eda --gen_testbench --check_outputs=on --tool=modelsim_oem --format=verilog Enes_Sahin_2018510093_DEUNIAC -c Enes_Sahin_2018510093_DEUNIAC --vector_source="C:/Users/enes_/OneDrive/Masaüstü/Quartus Projects/Enes_Sahin_2018510093_DEUNIAC/Enes_Sahin_2018510093_DEUNIAC_wafeform.vwf" --testbench_file=./simulation/qsim/Enes_Sahin_2018510093_DEUNIAC.vt
quartus_eda --functional=on --simulation=on --tool=modelsim_oem --format=verilog Enes_Sahin_2018510093_DEUNIAC -c Enes_Sahin_2018510093_DEUNIAC



